<?xml version="1.0" encoding="UTF-8"?>
<!-- Generated by org.testng.reporters.JUnitXMLReporter -->
<testsuite hostname="A2ML16749" ignored="0" name="Test(failed)(failed)(failed)(failed)(failed)(failed)" tests="1" failures="1" timestamp="08 Aug 2017 05:05:13 GMT" time="26.602" errors="0">
  <testcase name="register" time="19.626" classname="com.mindtree.autotoursdemo.scripts.Registerscript">
    <failure type="org.openqa.selenium.NoSuchElementException" message="Cannot locate element with text: 
For documentation on this error, please visit: http://seleniumhq.org/exceptions/no_such_element.html
Build info: version: &amp;apos;3.4.0&amp;apos;, revision: &amp;apos;unknown&amp;apos;, time: &amp;apos;unknown&amp;apos;
System info: host: &amp;apos;A2ML16749&amp;apos;, ip: &amp;apos;172.23.36.40&amp;apos;, os.name: &amp;apos;Windows 10&amp;apos;, os.arch: &amp;apos;amd64&amp;apos;, os.version: &amp;apos;10.0&amp;apos;, java.version: &amp;apos;1.8.0_121&amp;apos;
Driver info: driver.version: unknown">
      <![CDATA[org.openqa.selenium.NoSuchElementException: Cannot locate element with text: 
For documentation on this error, please visit: http://seleniumhq.org/exceptions/no_such_element.html
Build info: version: '3.4.0', revision: 'unknown', time: 'unknown'
System info: host: 'A2ML16749', ip: '172.23.36.40', os.name: 'Windows 10', os.arch: 'amd64', os.version: '10.0', java.version: '1.8.0_121'
Driver info: driver.version: unknown
	at org.openqa.selenium.support.ui.Select.selectByVisibleText(Select.java:151)
	at com.mindtree.autodemotours.page.RegisterPage.setCountryName(RegisterPage.java:79)
	at com.mindtree.autotoursdemo.scripts.Registerscript.register(Registerscript.java:42)
... Removed 25 stack frames]]>
    </failure>
  </testcase> <!-- register -->
</testsuite> <!-- Test(failed)(failed)(failed)(failed)(failed)(failed) -->
